-------------------------------------------------------------------------------
Test set: com.danyLasso.solutions.trains.providers.v1.ProviderDistanceBetweenNodesOptimalRouteTest
-------------------------------------------------------------------------------
Tests run: 1, Failures: 1, Errors: 0, Skipped: 0, Time elapsed: 0.125 s <<< FAILURE! - in com.danyLasso.solutions.trains.providers.v1.ProviderDistanceBetweenNodesOptimalRouteTest
testResolveDistance_From_A_to_C  Time elapsed: 0.125 s  <<< FAILURE!
org.opentest4j.AssertionFailedError: expected: <9.0> but was: <0.0>
	at com.danyLasso.solutions.trains.providers.v1.ProviderDistanceBetweenNodesOptimalRouteTest.testResolveDistance_From_A_to_C(ProviderDistanceBetweenNodesOptimalRouteTest.java:53)

