<?xml version="1.0" encoding="UTF-8"?>
<testsuite xmlns:xsi="http://www.w3.org/2001/XMLSchema-instance" xsi:noNamespaceSchemaLocation="https://maven.apache.org/surefire/maven-surefire-plugin/xsd/surefire-test-report.xsd" name="com.danyLasso.solutions.trains.providers.v1.ProviderDistanceBetweenNodesOptimalRouteTest" time="0.125" tests="1" errors="0" skipped="0" failures="1">
  <properties>
[...]
</properties>
  <testcase name="testResolveDistance_From_A_to_C" classname="com.danyLasso.solutions.trains.providers.v1.ProviderDistanceBetweenNodesOptimalRouteTest" time="0.125">
    <failure message="expected: &lt;9.0&gt; but was: &lt;0.0&gt;" type="org.opentest4j.AssertionFailedError"><![CDATA[org.opentest4j.AssertionFailedError: expected: <9.0> but was: <0.0>
	at com.danyLasso.solutions.trains.providers.v1.ProviderDistanceBetweenNodesOptimalRouteTest.testResolveDistance_From_A_to_C(ProviderDistanceBetweenNodesOptimalRouteTest.java:53)
]]></failure>
  </testcase>
</testsuite>